Mafirstapp/app/build/intermediates/manifest_merge_blame_file/debug/manifest-merger-blame-debug-report.txt
1<?xml version="1.0" encoding="utf-8"?>
2<manifest xmlns:android="http://schemas.android.com/apk/res/android"
3    package="com.amon.mafirstapp"
4    android:versionCode="1"
5    android:versionName="1.0" >
6
7    <uses-sdk
8        android:minSdkVersion="21"
8-->src\main\AndroidManifest.xml
9        android:targetSdkVersion="29" />
9-->src\main\AndroidManifest.xml
10
11    <uses-permission android:name="android.permission.ACCESS_NETWORK_STATE" />
11-->[com.google.firebase:firebase-firestore:17.1.2] AndroidManifest.xml:10:5-79
11-->[com.google.firebase:firebase-firestore:17.1.2] AndroidManifest.xml:10:22-76
12    <uses-permission android:name="android.permission.INTERNET" />
12-->[com.google.firebase:firebase-firestore:17.1.2] AndroidManifest.xml:11:5-67
12-->[com.google.firebase:firebase-firestore:17.1.2] AndroidManifest.xml:11:22-64
13
14    <application
14-->src\main\AndroidManifest.xml:5:5-21:19
15        android:allowBackup="true"
15-->src\main\AndroidManifest.xml:6:9-35
16        android:appComponentFactory="androidx.core.app.CoreComponentFactory"
16-->[androidx.core:core:1.1.0] AndroidManifest.xml:24:18-86
17        android:debuggable="true"
18        android:icon="@mipmap/ic_launcher"
18-->src\main\AndroidManifest.xml:7:9-43
19        android:label="@string/app_name"
19-->src\main\AndroidManifest.xml:8:9-41
20        android:roundIcon="@mipmap/ic_launcher_round"
20-->src\main\AndroidManifest.xml:9:9-54
21        android:supportsRtl="true"
21-->src\main\AndroidManifest.xml:10:9-35
22        android:theme="@style/AppTheme" >
22-->src\main\AndroidManifest.xml:11:9-40
23        <activity android:name="com.amon.mafirstapp.ListActivity" />
23-->src\main\AndroidManifest.xml:12:9-59
23-->src\main\AndroidManifest.xml:12:19-47
24        <activity android:name="com.amon.mafirstapp.activity_display_name" />
24-->src\main\AndroidManifest.xml:13:9-59
24-->src\main\AndroidManifest.xml:13:19-56
25        <activity android:name="com.amon.mafirstapp.MainActivity" >
25-->src\main\AndroidManifest.xml:14:9-20:20
25-->src\main\AndroidManifest.xml:14:19-47
26            <intent-filter>
26-->src\main\AndroidManifest.xml:15:13-19:29
27                <action android:name="android.intent.action.MAIN" />
27-->src\main\AndroidManifest.xml:16:17-69
27-->src\main\AndroidManifest.xml:16:25-66
28
29                <category android:name="android.intent.category.LAUNCHER" />
29-->src\main\AndroidManifest.xml:18:17-77
29-->src\main\AndroidManifest.xml:18:27-74
30            </intent-filter>
31        </activity>
32
33        <service
33-->[com.google.firebase:firebase-firestore:17.1.2] AndroidManifest.xml:14:9-18:19
34            android:name="com.google.firebase.components.ComponentDiscoveryService"
34-->[com.google.firebase:firebase-firestore:17.1.2] AndroidManifest.xml:14:18-89
35            android:exported="false" >
35-->[com.google.firebase:firebase-auth:16.0.5] AndroidManifest.xml:35:13-37
36            <meta-data
36-->[com.google.firebase:firebase-firestore:17.1.2] AndroidManifest.xml:15:13-17:85
37                android:name="com.google.firebase.components:com.google.firebase.firestore.FirestoreRegistrar"
37-->[com.google.firebase:firebase-firestore:17.1.2] AndroidManifest.xml:16:17-111
38                android:value="com.google.firebase.components.ComponentRegistrar" />
38-->[com.google.firebase:firebase-firestore:17.1.2] AndroidManifest.xml:17:17-82
39            <meta-data
39-->[com.google.firebase:firebase-auth:16.0.5] AndroidManifest.xml:36:13-38:85
40                android:name="com.google.firebase.components:com.google.firebase.auth.FirebaseAuthRegistrar"
40-->[com.google.firebase:firebase-auth:16.0.5] AndroidManifest.xml:37:17-109
41                android:value="com.google.firebase.components.ComponentRegistrar" />
41-->[com.google.firebase:firebase-auth:16.0.5] AndroidManifest.xml:38:17-82
42        </service>
43
44        <activity
44-->[com.google.firebase:firebase-auth:16.0.5] AndroidManifest.xml:24:9-31:50
45            android:name="com.google.firebase.auth.internal.FederatedSignInActivity"
45-->[com.google.firebase:firebase-auth:16.0.5] AndroidManifest.xml:25:13-85
46            android:excludeFromRecents="true"
46-->[com.google.firebase:firebase-auth:16.0.5] AndroidManifest.xml:26:13-46
47            android:exported="true"
47-->[com.google.firebase:firebase-auth:16.0.5] AndroidManifest.xml:27:13-36
48            android:launchMode="singleTask"
48-->[com.google.firebase:firebase-auth:16.0.5] AndroidManifest.xml:28:13-44
49            android:permission="com.google.firebase.auth.api.gms.permission.LAUNCH_FEDERATED_SIGN_IN"
49-->[com.google.firebase:firebase-auth:16.0.5] AndroidManifest.xml:29:13-102
50            android:theme="@android:style/Theme.Translucent.NoTitleBar" />
50-->[com.google.firebase:firebase-auth:16.0.5] AndroidManifest.xml:30:13-72
51        <activity
51-->[com.google.android.gms:play-services-base:16.0.1] AndroidManifest.xml:23:9-26:75
52            android:name="com.google.android.gms.common.api.GoogleApiActivity"
52-->[com.google.android.gms:play-services-base:16.0.1] AndroidManifest.xml:24:13-79
53            android:exported="false"
53-->[com.google.android.gms:play-services-base:16.0.1] AndroidManifest.xml:25:13-37
54            android:theme="@android:style/Theme.Translucent.NoTitleBar" />
54-->[com.google.android.gms:play-services-base:16.0.1] AndroidManifest.xml:26:13-72
55
56        <provider
56-->[com.google.firebase:firebase-common:16.0.3] AndroidManifest.xml:10:9-14:39
57            android:name="com.google.firebase.provider.FirebaseInitProvider"
57-->[com.google.firebase:firebase-common:16.0.3] AndroidManifest.xml:11:13-77
58            android:authorities="com.amon.mafirstapp.firebaseinitprovider"
58-->[com.google.firebase:firebase-common:16.0.3] AndroidManifest.xml:12:13-72
59            android:exported="false"
59-->[com.google.firebase:firebase-common:16.0.3] AndroidManifest.xml:13:13-37
60            android:initOrder="100" />
60-->[com.google.firebase:firebase-common:16.0.3] AndroidManifest.xml:14:13-36
61
62        <meta-data
62-->[com.google.android.gms:play-services-basement:16.1.0] AndroidManifest.xml:23:9-25:69
63            android:name="com.google.android.gms.version"
63-->[com.google.android.gms:play-services-basement:16.1.0] AndroidManifest.xml:24:13-58
64            android:value="@integer/google_play_services_version" />
64-->[com.google.android.gms:play-services-basement:16.1.0] AndroidManifest.xml:25:13-66
65    </application>
66
67</manifest>